<?xml version="1.0" encoding="UTF-8"?>
<!-- Generated by org.testng.reporters.JUnitXMLReporter -->
<testsuite ignored="0" hostname="BAKRGOUTH" failures="6" tests="6" name="BDC_IP_Port" time="12.745" errors="0" timestamp="2024-05-09T13:10:47 IST">
  <testcase classname="com.tecnotree.automatiom.File.Upload.Service.Test_002_port_22_172" name="BPMN" time="0.019">
    <failure type="java.lang.Throwable" message="info Cannot invoke &amp;quot;com.aventstack.extentreports.ExtentTest.createNode(String)&amp;quot; because the return value of &amp;quot;java.lang.ThreadLocal.get()&amp;quot; is null">
      <![CDATA[java.lang.Throwable: info Cannot invoke "com.aventstack.extentreports.ExtentTest.createNode(String)" because the return value of "java.lang.ThreadLocal.get()" is null
at com.tecnotree.automatiom.Listerns.Listeners.onTestStart(Listeners.java:33)
at java.base/java.util.concurrent.ThreadPoolExecutor.runWorker(ThreadPoolExecutor.java:1144)
at java.base/java.util.concurrent.ThreadPoolExecutor$Worker.run(ThreadPoolExecutor.java:642)
at java.base/java.lang.Thread.run(Thread.java:1583)
... Removed 9 stack frames]]>
    </failure>
  </testcase> <!-- BPMN -->
  <testcase classname="com.tecnotree.automatiom.File.Upload.Service.Test_002_port_22_172" name="BPMN" time="0.978">
    <failure type="java.lang.NullPointerException" message="Cannot invoke &amp;quot;com.aventstack.extentreports.ExtentTest.fail(com.aventstack.extentreports.markuputils.Markup)&amp;quot; because the return value of &amp;quot;java.lang.ThreadLocal.get()&amp;quot; is null">
      <![CDATA[java.lang.NullPointerException: Cannot invoke "com.aventstack.extentreports.ExtentTest.fail(com.aventstack.extentreports.markuputils.Markup)" because the return value of "java.lang.ThreadLocal.get()" is null
at com.tecnotree.automatiom.Listerns.Listeners.onTestFailure(Listeners.java:65)
at java.base/java.util.concurrent.ThreadPoolExecutor.runWorker(ThreadPoolExecutor.java:1144)
at java.base/java.util.concurrent.ThreadPoolExecutor$Worker.run(ThreadPoolExecutor.java:642)
at java.base/java.lang.Thread.run(Thread.java:1583)
... Removed 9 stack frames]]>
    </failure>
  </testcase> <!-- BPMN -->
  <testcase classname="com.tecnotree.automatiom.File.Upload.Service.Test_001_BDC_PElab_3" name="BPMN" time="0.002">
    <failure type="java.lang.Throwable" message="info Cannot invoke &amp;quot;com.aventstack.extentreports.ExtentTest.createNode(String)&amp;quot; because the return value of &amp;quot;java.lang.ThreadLocal.get()&amp;quot; is null">
      <![CDATA[java.lang.Throwable: info Cannot invoke "com.aventstack.extentreports.ExtentTest.createNode(String)" because the return value of "java.lang.ThreadLocal.get()" is null
at com.tecnotree.automatiom.Listerns.Listeners.onTestStart(Listeners.java:33)
at java.base/java.util.concurrent.ThreadPoolExecutor.runWorker(ThreadPoolExecutor.java:1144)
at java.base/java.util.concurrent.ThreadPoolExecutor$Worker.run(ThreadPoolExecutor.java:642)
at java.base/java.lang.Thread.run(Thread.java:1583)
... Removed 9 stack frames]]>
    </failure>
  </testcase> <!-- BPMN -->
  <testcase classname="com.tecnotree.automatiom.File.Upload.Service.Test_001_BDC_PElab_3" name="BPMN" time="1.547">
    <failure type="java.lang.NullPointerException" message="Cannot invoke &amp;quot;com.aventstack.extentreports.ExtentTest.fail(com.aventstack.extentreports.markuputils.Markup)&amp;quot; because the return value of &amp;quot;java.lang.ThreadLocal.get()&amp;quot; is null">
      <![CDATA[java.lang.NullPointerException: Cannot invoke "com.aventstack.extentreports.ExtentTest.fail(com.aventstack.extentreports.markuputils.Markup)" because the return value of "java.lang.ThreadLocal.get()" is null
at com.tecnotree.automatiom.Listerns.Listeners.onTestFailure(Listeners.java:65)
at java.base/java.util.concurrent.ThreadPoolExecutor.runWorker(ThreadPoolExecutor.java:1144)
at java.base/java.util.concurrent.ThreadPoolExecutor$Worker.run(ThreadPoolExecutor.java:642)
at java.base/java.lang.Thread.run(Thread.java:1583)
... Removed 9 stack frames]]>
    </failure>
  </testcase> <!-- BPMN -->
  <testcase classname="com.tecnotree.automatiom.File.Upload.Service.Test_003_port_22_10" name="BPMN" time="0.002">
    <failure type="java.lang.Throwable" message="info Cannot invoke &amp;quot;com.aventstack.extentreports.ExtentTest.createNode(String)&amp;quot; because the return value of &amp;quot;java.lang.ThreadLocal.get()&amp;quot; is null">
      <![CDATA[java.lang.Throwable: info Cannot invoke "com.aventstack.extentreports.ExtentTest.createNode(String)" because the return value of "java.lang.ThreadLocal.get()" is null
at com.tecnotree.automatiom.Listerns.Listeners.onTestStart(Listeners.java:33)
at java.base/java.util.concurrent.ThreadPoolExecutor.runWorker(ThreadPoolExecutor.java:1144)
at java.base/java.util.concurrent.ThreadPoolExecutor$Worker.run(ThreadPoolExecutor.java:642)
at java.base/java.lang.Thread.run(Thread.java:1583)
... Removed 9 stack frames]]>
    </failure>
  </testcase> <!-- BPMN -->
  <testcase classname="com.tecnotree.automatiom.File.Upload.Service.Test_003_port_22_10" name="BPMN" time="4.61">
    <failure type="java.lang.NullPointerException" message="Cannot invoke &amp;quot;com.aventstack.extentreports.ExtentTest.fail(com.aventstack.extentreports.markuputils.Markup)&amp;quot; because the return value of &amp;quot;java.lang.ThreadLocal.get()&amp;quot; is null">
      <![CDATA[java.lang.NullPointerException: Cannot invoke "com.aventstack.extentreports.ExtentTest.fail(com.aventstack.extentreports.markuputils.Markup)" because the return value of "java.lang.ThreadLocal.get()" is null
at com.tecnotree.automatiom.Listerns.Listeners.onTestFailure(Listeners.java:65)
at java.base/java.util.concurrent.ThreadPoolExecutor.runWorker(ThreadPoolExecutor.java:1144)
at java.base/java.util.concurrent.ThreadPoolExecutor$Worker.run(ThreadPoolExecutor.java:642)
at java.base/java.lang.Thread.run(Thread.java:1583)
... Removed 9 stack frames]]>
    </failure>
  </testcase> <!-- BPMN -->
</testsuite> <!-- BDC_IP_Port -->
