<?xml version="1.0" encoding="UTF-8"?>
<!-- Generated by org.testng.reporters.JUnitXMLReporter -->
<testsuite ignored="0" hostname="BAKRGOUTH" failures="0" tests="15" name="Test_002_port_22_172" time="61.059" errors="0" timestamp="2024-05-09T15:25:45 IST">
  <testcase classname="com.tecnotree.automatiom.File.Upload.Service.Test_002_port_22_172" name="BPMN" time="2.908"/>
  <testcase classname="com.tecnotree.automatiom.File.Upload.Service.Test_002_port_22_172" name="CSV" time="2.74"/>
  <testcase classname="com.tecnotree.automatiom.File.Upload.Service.Test_002_port_22_172" name="DMN" time="3.054"/>
  <testcase classname="com.tecnotree.automatiom.File.Upload.Service.Test_002_port_22_172" name="HTML" time="2.885"/>
  <testcase classname="com.tecnotree.automatiom.File.Upload.Service.Test_002_port_22_172" name="JPEG" time="3.007"/>
  <testcase classname="com.tecnotree.automatiom.File.Upload.Service.Test_002_port_22_172" name="JPG" time="3.093"/>
  <testcase classname="com.tecnotree.automatiom.File.Upload.Service.Test_002_port_22_172" name="JSON" time="3.205"/>
  <testcase classname="com.tecnotree.automatiom.File.Upload.Service.Test_002_port_22_172" name="PNG" time="3.153"/>
  <testcase classname="com.tecnotree.automatiom.File.Upload.Service.Test_002_port_22_172" name="SQl" time="3.066"/>
  <testcase classname="com.tecnotree.automatiom.File.Upload.Service.Test_002_port_22_172" name="SevenZFile" time="2.724"/>
  <testcase classname="com.tecnotree.automatiom.File.Upload.Service.Test_002_port_22_172" name="TXT" time="2.92"/>
  <testcase classname="com.tecnotree.automatiom.File.Upload.Service.Test_002_port_22_172" name="XLX" time="2.694"/>
  <testcase classname="com.tecnotree.automatiom.File.Upload.Service.Test_002_port_22_172" name="YMAL" time="2.887"/>
  <testcase classname="com.tecnotree.automatiom.File.Upload.Service.Test_002_port_22_172" name="ZIP" time="3.165"/>
  <testcase classname="com.tecnotree.automatiom.File.Upload.Service.Test_002_port_22_172" name="tar" time="13.243"/>
</testsuite> <!-- Test_002_port_22_172 -->
