<?xml version="1.0" encoding="UTF-8"?>
<!-- Generated by org.testng.reporters.JUnitXMLReporter -->
<testsuite ignored="0" hostname="BAKRGOUTH" failures="3" tests="9" name="Test7_Test11_Test12" time="365.696" errors="0" timestamp="2024-06-25T10:18:36 IST">
  <testcase classname="com.tecnotree.automatiom.File.Upload.Service.Test_012_FolderDoesntExists" name="testMasterDataUpdateBulkIP" time="9.942"/>
  <testcase classname="com.tecnotree.automatiom.File.Upload.Service.Test_011_SubFolderDoesntExists" name="testMasterDataUpdateBulkIP" time="14.721"/>
  <testcase classname="com.tecnotree.automatiom.File.Upload.Service.Test_012_FolderDoesntExists" name="testMasterDataUpdateLocalIPAndPort" time="20.424"/>
  <testcase classname="com.tecnotree.automatiom.File.Upload.Service.Test_011_SubFolderDoesntExists" name="testMasterDataUpdateLocalIPAndPort" time="22.064"/>
  <testcase classname="com.tecnotree.automatiom.File.Upload.Service.Test_012_FolderDoesntExists" name="testMasterDataUpdateLocalIPS" time="6.706"/>
  <testcase classname="com.tecnotree.automatiom.File.Upload.Service.Test_011_SubFolderDoesntExists" name="testMasterDataUpdateLocalIPS" time="5.841"/>
  <testcase classname="com.tecnotree.automatiom.File.Upload.Service.Test_007_largeFiles" name="testMasterDataUpdateBulkIP" time="120.688">
    <failure type="java.lang.Throwable" message="info Connection reset by peer">
      <![CDATA[java.lang.Throwable: info Connection reset by peer
at java.base/sun.nio.ch.SocketDispatcher.write0(Native Method)
at java.base/sun.nio.ch.SocketDispatcher.write(SocketDispatcher.java:54)
at java.base/sun.nio.ch.NioSocketImpl.tryWrite(NioSocketImpl.java:394)
at java.base/sun.nio.ch.NioSocketImpl.implWrite(NioSocketImpl.java:410)
at java.base/sun.nio.ch.NioSocketImpl.write(NioSocketImpl.java:440)
at java.base/sun.nio.ch.NioSocketImpl$2.write(NioSocketImpl.java:819)
at java.base/java.net.Socket$SocketOutputStream.write(Socket.java:1195)
at java.base/sun.security.ssl.SSLSocketOutputRecord.deliver(SSLSocketOutputRecord.java:345)
at java.base/sun.security.ssl.SSLSocketImpl$AppOutputStream.write(SSLSocketImpl.java:1304)
at org.apache.http.impl.io.AbstractSessionOutputBuffer.write(AbstractSessionOutputBuffer.java:184)
at org.apache.http.impl.conn.LoggingSessionOutputBuffer.write(LoggingSessionOutputBuffer.java:75)
at org.apache.http.impl.io.ContentLengthOutputStream.write(ContentLengthOutputStream.java:113)
at org.apache.http.entity.mime.content.FileBody.writeTo(FileBody.java:121)
at org.apache.http.entity.mime.AbstractMultipartForm.doWriteTo(AbstractMultipartForm.java:134)
at org.apache.http.entity.mime.AbstractMultipartForm.writeTo(AbstractMultipartForm.java:157)
at org.apache.http.entity.mime.MultipartFormEntity.writeTo(MultipartFormEntity.java:113)
at org.apache.http.HttpEntity$writeTo$4.call(Unknown Source)
at io.restassured.internal.multipart.RestAssuredMultiPartEntity.writeTo(RestAssuredMultiPartEntity.groovy:110)
at org.apache.http.entity.HttpEntityWrapper.writeTo(HttpEntityWrapper.java:96)
at org.apache.http.impl.client.EntityEnclosingRequestWrapper$EntityWrapper.writeTo(EntityEnclosingRequestWrapper.java:110)
at org.apache.http.impl.entity.EntitySerializer.serialize(EntitySerializer.java:118)
at org.apache.http.impl.AbstractHttpClientConnection.sendRequestEntity(AbstractHttpClientConnection.java:274)
at org.apache.http.impl.conn.ManagedClientConnectionImpl.sendRequestEntity(ManagedClientConnectionImpl.java:214)
at org.apache.http.protocol.HttpRequestExecutor.doSendRequest(HttpRequestExecutor.java:238)
at org.apache.http.protocol.HttpRequestExecutor.execute(HttpRequestExecutor.java:123)
at org.apache.http.impl.client.DefaultRequestDirector.tryExecute(DefaultRequestDirector.java:679)
at org.apache.http.impl.client.DefaultRequestDirector.execute(DefaultRequestDirector.java:481)
at org.apache.http.impl.client.AbstractHttpClient.doExecute(AbstractHttpClient.java:835)
at org.apache.http.impl.client.CloseableHttpClient.execute(CloseableHttpClient.java:83)
at io.restassured.internal.RestAssuredHttpBuilder.doRequest(RestAssuredHttpBuilder.java:141)
at io.restassured.internal.http.HTTPBuilder.post(HTTPBuilder.java:349)
at io.restassured.internal.http.HTTPBuilder$post$5.call(Unknown Source)
at io.restassured.internal.RequestSpecificationImpl.sendRequest(RequestSpecificationImpl.groovy:1209)
at io.restassured.internal.RequestSpecificationImpl.this$2$sendRequest(RequestSpecificationImpl.groovy)
at groovy.lang.MetaMethod.doMethodInvoke(MetaMethod.java:328)
at groovy.lang.MetaClassImpl.doInvokeMethod(MetaClassImpl.java:1331)
at groovy.lang.MetaClassImpl.invokeMethod(MetaClassImpl.java:1086)
at groovy.lang.MetaClassImpl.invokeMethod(MetaClassImpl.java:1006)
at groovy.lang.MetaClassImpl.invokeMethod(MetaClassImpl.java:789)
at io.restassured.internal.RequestSpecificationImpl.invokeMethod(RequestSpecificationImpl.groovy)
at org.codehaus.groovy.runtime.callsite.PogoInterceptableSite.call(PogoInterceptableSite.java:46)
at org.codehaus.groovy.runtime.callsite.AbstractCallSite.call(AbstractCallSite.java:166)
at io.restassured.internal.filter.SendRequestFilter.filter(SendRequestFilter.groovy:30)
at io.restassured.filter.Filter$filter$1.call(Unknown Source)
at org.codehaus.groovy.runtime.callsite.CallSiteArray.defaultCall(CallSiteArray.java:45)
at io.restassured.filter.Filter$filter$1.call(Unknown Source)
at io.restassured.internal.filter.FilterContextImpl.next(FilterContextImpl.groovy:72)
at io.restassured.filter.time.TimingFilter.filter(TimingFilter.java:56)
at io.restassured.filter.Filter$filter.call(Unknown Source)
at org.codehaus.groovy.runtime.callsite.CallSiteArray.defaultCall(CallSiteArray.java:45)
at io.restassured.filter.Filter$filter$1.call(Unknown Source)
at io.restassured.internal.filter.FilterContextImpl.next(FilterContextImpl.groovy:72)
at io.restassured.filter.FilterContext$next.call(Unknown Source)
at io.restassured.internal.filter.CsrfFilter.filter(CsrfFilter.groovy:70)
at io.restassured.filter.Filter$filter$1.call(Unknown Source)
at org.codehaus.groovy.runtime.callsite.CallSiteArray.defaultCall(CallSiteArray.java:45)
at io.restassured.filter.Filter$filter.call(Unknown Source)
at io.restassured.internal.filter.FilterContextImpl.next(FilterContextImpl.groovy:72)
at io.restassured.filter.log.RequestLoggingFilter.filter(RequestLoggingFilter.java:146)
at io.restassured.filter.Filter$filter.call(Unknown Source)
at org.codehaus.groovy.runtime.callsite.CallSiteArray.defaultCall(CallSiteArray.java:45)
at io.restassured.filter.Filter$filter$1.call(Unknown Source)
at io.restassured.internal.filter.FilterContextImpl.next(FilterContextImpl.groovy:72)
at io.restassured.filter.FilterContext$next.call(Unknown Source)
at io.restassured.internal.RequestSpecificationImpl.applyPathParamsAndSendRequest(RequestSpecificationImpl.groovy:1704)
at io.restassured.internal.RequestSpecificationImpl.this$2$applyPathParamsAndSendRequest(RequestSpecificationImpl.groovy)
at groovy.lang.MetaMethod.doMethodInvoke(MetaMethod.java:328)
at groovy.lang.MetaClassImpl.doInvokeMethod(MetaClassImpl.java:1331)
at groovy.lang.MetaClassImpl.invokeMethod(MetaClassImpl.java:1086)
at groovy.lang.MetaClassImpl.invokeMethod(MetaClassImpl.java:1006)
at groovy.lang.MetaClassImpl.invokeMethod(MetaClassImpl.java:789)
at io.restassured.internal.RequestSpecificationImpl.invokeMethod(RequestSpecificationImpl.groovy)
at org.codehaus.groovy.runtime.callsite.PogoInterceptableSite.call(PogoInterceptableSite.java:46)
at org.codehaus.groovy.runtime.callsite.PogoInterceptableSite.callCurrent(PogoInterceptableSite.java:57)
at org.codehaus.groovy.runtime.callsite.AbstractCallSite.callCurrent(AbstractCallSite.java:203)
at io.restassured.internal.RequestSpecificationImpl.applyPathParamsAndSendRequest(RequestSpecificationImpl.groovy:1710)
at io.restassured.internal.RequestSpecificationImpl.this$2$applyPathParamsAndSendRequest(RequestSpecificationImpl.groovy)
at groovy.lang.MetaMethod.doMethodInvoke(MetaMethod.java:328)
at groovy.lang.MetaClassImpl.doInvokeMethod(MetaClassImpl.java:1331)
at groovy.lang.MetaClassImpl.invokeMethod(MetaClassImpl.java:1086)
at groovy.lang.MetaClassImpl.invokeMethod(MetaClassImpl.java:1006)
at groovy.lang.MetaClassImpl.invokeMethod(MetaClassImpl.java:789)
at io.restassured.internal.RequestSpecificationImpl.invokeMethod(RequestSpecificationImpl.groovy)
at org.codehaus.groovy.runtime.callsite.PogoInterceptableSite.call(PogoInterceptableSite.java:46)
at org.codehaus.groovy.runtime.callsite.PogoInterceptableSite.callCurrent(PogoInterceptableSite.java:57)
at org.codehaus.groovy.runtime.callsite.AbstractCallSite.callCurrent(AbstractCallSite.java:203)
at io.restassured.internal.RequestSpecificationImpl.post(RequestSpecificationImpl.groovy:176)
at io.restassured.internal.RequestSpecificationImpl.post(RequestSpecificationImpl.groovy)
at com.tecnotree.automatiom.Methods.Method.MultiPathData(Method.java:83)
at com.tecnotree.automatiom.ReUsedMethods.DifferentMethods.PutResquestFile(DifferentMethods.java:12)
at com.tecnotree.automatiom.ReUsedMethods.LargeFiles.verifyServiceUpdateAndFileUpload(LargeFiles.java:25)
at com.tecnotree.automatiom.File.Upload.Service.Test_007_largeFiles.testMasterDataUpdateBulkIP(Test_007_largeFiles.java:25)
at java.base/java.util.concurrent.ThreadPoolExecutor.runWorker(ThreadPoolExecutor.java:1144)
at java.base/java.util.concurrent.ThreadPoolExecutor$Worker.run(ThreadPoolExecutor.java:642)
at java.base/java.lang.Thread.run(Thread.java:1583)
... Removed 19 stack frames]]>
    </failure>
  </testcase> <!-- testMasterDataUpdateBulkIP -->
  <testcase classname="com.tecnotree.automatiom.File.Upload.Service.Test_007_largeFiles" name="testMasterDataUpdateLocalIPAndPort" time="125.074">
    <failure type="java.lang.Throwable" message="info Connection reset by peer">
      <![CDATA[java.lang.Throwable: info Connection reset by peer
at java.base/sun.nio.ch.SocketDispatcher.write0(Native Method)
at java.base/sun.nio.ch.SocketDispatcher.write(SocketDispatcher.java:54)
at java.base/sun.nio.ch.NioSocketImpl.tryWrite(NioSocketImpl.java:394)
at java.base/sun.nio.ch.NioSocketImpl.implWrite(NioSocketImpl.java:410)
at java.base/sun.nio.ch.NioSocketImpl.write(NioSocketImpl.java:440)
at java.base/sun.nio.ch.NioSocketImpl$2.write(NioSocketImpl.java:819)
at java.base/java.net.Socket$SocketOutputStream.write(Socket.java:1195)
at java.base/sun.security.ssl.SSLSocketOutputRecord.deliver(SSLSocketOutputRecord.java:345)
at java.base/sun.security.ssl.SSLSocketImpl$AppOutputStream.write(SSLSocketImpl.java:1304)
at org.apache.http.impl.io.AbstractSessionOutputBuffer.write(AbstractSessionOutputBuffer.java:184)
at org.apache.http.impl.conn.LoggingSessionOutputBuffer.write(LoggingSessionOutputBuffer.java:75)
at org.apache.http.impl.io.ContentLengthOutputStream.write(ContentLengthOutputStream.java:113)
at org.apache.http.entity.mime.content.FileBody.writeTo(FileBody.java:121)
at org.apache.http.entity.mime.AbstractMultipartForm.doWriteTo(AbstractMultipartForm.java:134)
at org.apache.http.entity.mime.AbstractMultipartForm.writeTo(AbstractMultipartForm.java:157)
at org.apache.http.entity.mime.MultipartFormEntity.writeTo(MultipartFormEntity.java:113)
at org.apache.http.HttpEntity$writeTo$4.call(Unknown Source)
at io.restassured.internal.multipart.RestAssuredMultiPartEntity.writeTo(RestAssuredMultiPartEntity.groovy:110)
at org.apache.http.entity.HttpEntityWrapper.writeTo(HttpEntityWrapper.java:96)
at org.apache.http.impl.client.EntityEnclosingRequestWrapper$EntityWrapper.writeTo(EntityEnclosingRequestWrapper.java:110)
at org.apache.http.impl.entity.EntitySerializer.serialize(EntitySerializer.java:118)
at org.apache.http.impl.AbstractHttpClientConnection.sendRequestEntity(AbstractHttpClientConnection.java:274)
at org.apache.http.impl.conn.ManagedClientConnectionImpl.sendRequestEntity(ManagedClientConnectionImpl.java:214)
at org.apache.http.protocol.HttpRequestExecutor.doSendRequest(HttpRequestExecutor.java:238)
at org.apache.http.protocol.HttpRequestExecutor.execute(HttpRequestExecutor.java:123)
at org.apache.http.impl.client.DefaultRequestDirector.tryExecute(DefaultRequestDirector.java:679)
at org.apache.http.impl.client.DefaultRequestDirector.execute(DefaultRequestDirector.java:481)
at org.apache.http.impl.client.AbstractHttpClient.doExecute(AbstractHttpClient.java:835)
at org.apache.http.impl.client.CloseableHttpClient.execute(CloseableHttpClient.java:83)
at io.restassured.internal.RestAssuredHttpBuilder.doRequest(RestAssuredHttpBuilder.java:141)
at io.restassured.internal.http.HTTPBuilder.post(HTTPBuilder.java:349)
at io.restassured.internal.http.HTTPBuilder$post$5.call(Unknown Source)
at io.restassured.internal.RequestSpecificationImpl.sendRequest(RequestSpecificationImpl.groovy:1209)
at io.restassured.internal.RequestSpecificationImpl.this$2$sendRequest(RequestSpecificationImpl.groovy)
at groovy.lang.MetaMethod.doMethodInvoke(MetaMethod.java:328)
at groovy.lang.MetaClassImpl.doInvokeMethod(MetaClassImpl.java:1331)
at groovy.lang.MetaClassImpl.invokeMethod(MetaClassImpl.java:1086)
at groovy.lang.MetaClassImpl.invokeMethod(MetaClassImpl.java:1006)
at groovy.lang.MetaClassImpl.invokeMethod(MetaClassImpl.java:789)
at io.restassured.internal.RequestSpecificationImpl.invokeMethod(RequestSpecificationImpl.groovy)
at org.codehaus.groovy.runtime.callsite.PogoInterceptableSite.call(PogoInterceptableSite.java:46)
at org.codehaus.groovy.runtime.callsite.AbstractCallSite.call(AbstractCallSite.java:166)
at io.restassured.internal.filter.SendRequestFilter.filter(SendRequestFilter.groovy:30)
at io.restassured.filter.Filter$filter$1.call(Unknown Source)
at org.codehaus.groovy.runtime.callsite.CallSiteArray.defaultCall(CallSiteArray.java:45)
at io.restassured.filter.Filter$filter.call(Unknown Source)
at io.restassured.internal.filter.FilterContextImpl.next(FilterContextImpl.groovy:72)
at io.restassured.filter.time.TimingFilter.filter(TimingFilter.java:56)
at io.restassured.filter.Filter$filter.call(Unknown Source)
at org.codehaus.groovy.runtime.callsite.CallSiteArray.defaultCall(CallSiteArray.java:45)
at io.restassured.filter.Filter$filter$1.call(Unknown Source)
at io.restassured.internal.filter.FilterContextImpl.next(FilterContextImpl.groovy:72)
at io.restassured.filter.FilterContext$next.call(Unknown Source)
at io.restassured.internal.filter.CsrfFilter.filter(CsrfFilter.groovy:70)
at io.restassured.filter.Filter$filter$1.call(Unknown Source)
at org.codehaus.groovy.runtime.callsite.CallSiteArray.defaultCall(CallSiteArray.java:45)
at io.restassured.filter.Filter$filter.call(Unknown Source)
at io.restassured.internal.filter.FilterContextImpl.next(FilterContextImpl.groovy:72)
at io.restassured.filter.log.RequestLoggingFilter.filter(RequestLoggingFilter.java:146)
at io.restassured.filter.Filter$filter.call(Unknown Source)
at org.codehaus.groovy.runtime.callsite.CallSiteArray.defaultCall(CallSiteArray.java:45)
at io.restassured.filter.Filter$filter$1.call(Unknown Source)
at io.restassured.internal.filter.FilterContextImpl.next(FilterContextImpl.groovy:72)
at io.restassured.filter.FilterContext$next.call(Unknown Source)
at io.restassured.internal.RequestSpecificationImpl.applyPathParamsAndSendRequest(RequestSpecificationImpl.groovy:1704)
at io.restassured.internal.RequestSpecificationImpl.this$2$applyPathParamsAndSendRequest(RequestSpecificationImpl.groovy)
at groovy.lang.MetaMethod.doMethodInvoke(MetaMethod.java:328)
at groovy.lang.MetaClassImpl.doInvokeMethod(MetaClassImpl.java:1331)
at groovy.lang.MetaClassImpl.invokeMethod(MetaClassImpl.java:1086)
at groovy.lang.MetaClassImpl.invokeMethod(MetaClassImpl.java:1006)
at groovy.lang.MetaClassImpl.invokeMethod(MetaClassImpl.java:789)
at io.restassured.internal.RequestSpecificationImpl.invokeMethod(RequestSpecificationImpl.groovy)
at org.codehaus.groovy.runtime.callsite.PogoInterceptableSite.call(PogoInterceptableSite.java:46)
at org.codehaus.groovy.runtime.callsite.PogoInterceptableSite.callCurrent(PogoInterceptableSite.java:57)
at org.codehaus.groovy.runtime.callsite.AbstractCallSite.callCurrent(AbstractCallSite.java:203)
at io.restassured.internal.RequestSpecificationImpl.applyPathParamsAndSendRequest(RequestSpecificationImpl.groovy:1710)
at io.restassured.internal.RequestSpecificationImpl.this$2$applyPathParamsAndSendRequest(RequestSpecificationImpl.groovy)
at groovy.lang.MetaMethod.doMethodInvoke(MetaMethod.java:328)
at groovy.lang.MetaClassImpl.doInvokeMethod(MetaClassImpl.java:1331)
at groovy.lang.MetaClassImpl.invokeMethod(MetaClassImpl.java:1086)
at groovy.lang.MetaClassImpl.invokeMethod(MetaClassImpl.java:1006)
at groovy.lang.MetaClassImpl.invokeMethod(MetaClassImpl.java:789)
at io.restassured.internal.RequestSpecificationImpl.invokeMethod(RequestSpecificationImpl.groovy)
at org.codehaus.groovy.runtime.callsite.PogoInterceptableSite.call(PogoInterceptableSite.java:46)
at org.codehaus.groovy.runtime.callsite.PogoInterceptableSite.callCurrent(PogoInterceptableSite.java:57)
at org.codehaus.groovy.runtime.callsite.AbstractCallSite.callCurrent(AbstractCallSite.java:203)
at io.restassured.internal.RequestSpecificationImpl.post(RequestSpecificationImpl.groovy:176)
at io.restassured.internal.RequestSpecificationImpl.post(RequestSpecificationImpl.groovy)
at com.tecnotree.automatiom.Methods.Method.MultiPathData(Method.java:83)
at com.tecnotree.automatiom.ReUsedMethods.DifferentMethods.PutResquestFile(DifferentMethods.java:12)
at com.tecnotree.automatiom.ReUsedMethods.LargeFiles.verifyServiceUpdateAndFileUpload(LargeFiles.java:25)
at com.tecnotree.automatiom.File.Upload.Service.Test_007_largeFiles.testMasterDataUpdateLocalIPAndPort(Test_007_largeFiles.java:43)
at java.base/java.util.concurrent.ThreadPoolExecutor.runWorker(ThreadPoolExecutor.java:1144)
at java.base/java.util.concurrent.ThreadPoolExecutor$Worker.run(ThreadPoolExecutor.java:642)
at java.base/java.lang.Thread.run(Thread.java:1583)
... Removed 19 stack frames]]>
    </failure>
  </testcase> <!-- testMasterDataUpdateLocalIPAndPort -->
  <testcase classname="com.tecnotree.automatiom.File.Upload.Service.Test_007_largeFiles" name="testMasterDataUpdateLocalIPS" time="119.913">
    <failure type="java.lang.Throwable" message="info Connection reset by peer">
      <![CDATA[java.lang.Throwable: info Connection reset by peer
at java.base/sun.nio.ch.SocketDispatcher.write0(Native Method)
at java.base/sun.nio.ch.SocketDispatcher.write(SocketDispatcher.java:54)
at java.base/sun.nio.ch.NioSocketImpl.tryWrite(NioSocketImpl.java:394)
at java.base/sun.nio.ch.NioSocketImpl.implWrite(NioSocketImpl.java:410)
at java.base/sun.nio.ch.NioSocketImpl.write(NioSocketImpl.java:440)
at java.base/sun.nio.ch.NioSocketImpl$2.write(NioSocketImpl.java:819)
at java.base/java.net.Socket$SocketOutputStream.write(Socket.java:1195)
at java.base/sun.security.ssl.SSLSocketOutputRecord.deliver(SSLSocketOutputRecord.java:345)
at java.base/sun.security.ssl.SSLSocketImpl$AppOutputStream.write(SSLSocketImpl.java:1304)
at org.apache.http.impl.io.AbstractSessionOutputBuffer.write(AbstractSessionOutputBuffer.java:184)
at org.apache.http.impl.conn.LoggingSessionOutputBuffer.write(LoggingSessionOutputBuffer.java:75)
at org.apache.http.impl.io.ContentLengthOutputStream.write(ContentLengthOutputStream.java:113)
at org.apache.http.entity.mime.content.FileBody.writeTo(FileBody.java:121)
at org.apache.http.entity.mime.AbstractMultipartForm.doWriteTo(AbstractMultipartForm.java:134)
at org.apache.http.entity.mime.AbstractMultipartForm.writeTo(AbstractMultipartForm.java:157)
at org.apache.http.entity.mime.MultipartFormEntity.writeTo(MultipartFormEntity.java:113)
at org.apache.http.HttpEntity$writeTo$4.call(Unknown Source)
at io.restassured.internal.multipart.RestAssuredMultiPartEntity.writeTo(RestAssuredMultiPartEntity.groovy:110)
at org.apache.http.entity.HttpEntityWrapper.writeTo(HttpEntityWrapper.java:96)
at org.apache.http.impl.client.EntityEnclosingRequestWrapper$EntityWrapper.writeTo(EntityEnclosingRequestWrapper.java:110)
at org.apache.http.impl.entity.EntitySerializer.serialize(EntitySerializer.java:118)
at org.apache.http.impl.AbstractHttpClientConnection.sendRequestEntity(AbstractHttpClientConnection.java:274)
at org.apache.http.impl.conn.ManagedClientConnectionImpl.sendRequestEntity(ManagedClientConnectionImpl.java:214)
at org.apache.http.protocol.HttpRequestExecutor.doSendRequest(HttpRequestExecutor.java:238)
at org.apache.http.protocol.HttpRequestExecutor.execute(HttpRequestExecutor.java:123)
at org.apache.http.impl.client.DefaultRequestDirector.tryExecute(DefaultRequestDirector.java:679)
at org.apache.http.impl.client.DefaultRequestDirector.execute(DefaultRequestDirector.java:481)
at org.apache.http.impl.client.AbstractHttpClient.doExecute(AbstractHttpClient.java:835)
at org.apache.http.impl.client.CloseableHttpClient.execute(CloseableHttpClient.java:83)
at io.restassured.internal.RestAssuredHttpBuilder.doRequest(RestAssuredHttpBuilder.java:141)
at io.restassured.internal.http.HTTPBuilder.post(HTTPBuilder.java:349)
at io.restassured.internal.http.HTTPBuilder$post$5.call(Unknown Source)
at io.restassured.internal.RequestSpecificationImpl.sendRequest(RequestSpecificationImpl.groovy:1209)
at io.restassured.internal.RequestSpecificationImpl.this$2$sendRequest(RequestSpecificationImpl.groovy)
at groovy.lang.MetaMethod.doMethodInvoke(MetaMethod.java:328)
at groovy.lang.MetaClassImpl.doInvokeMethod(MetaClassImpl.java:1331)
at groovy.lang.MetaClassImpl.invokeMethod(MetaClassImpl.java:1086)
at groovy.lang.MetaClassImpl.invokeMethod(MetaClassImpl.java:1006)
at groovy.lang.MetaClassImpl.invokeMethod(MetaClassImpl.java:789)
at io.restassured.internal.RequestSpecificationImpl.invokeMethod(RequestSpecificationImpl.groovy)
at org.codehaus.groovy.runtime.callsite.PogoInterceptableSite.call(PogoInterceptableSite.java:46)
at org.codehaus.groovy.runtime.callsite.AbstractCallSite.call(AbstractCallSite.java:166)
at io.restassured.internal.filter.SendRequestFilter.filter(SendRequestFilter.groovy:30)
at io.restassured.filter.Filter$filter$1.call(Unknown Source)
at org.codehaus.groovy.runtime.callsite.CallSiteArray.defaultCall(CallSiteArray.java:45)
at io.restassured.filter.Filter$filter.call(Unknown Source)
at io.restassured.internal.filter.FilterContextImpl.next(FilterContextImpl.groovy:72)
at io.restassured.filter.time.TimingFilter.filter(TimingFilter.java:56)
at io.restassured.filter.Filter$filter.call(Unknown Source)
at org.codehaus.groovy.runtime.callsite.CallSiteArray.defaultCall(CallSiteArray.java:45)
at io.restassured.filter.Filter$filter$1.call(Unknown Source)
at io.restassured.internal.filter.FilterContextImpl.next(FilterContextImpl.groovy:72)
at io.restassured.filter.FilterContext$next.call(Unknown Source)
at io.restassured.internal.filter.CsrfFilter.filter(CsrfFilter.groovy:70)
at io.restassured.filter.Filter$filter$1.call(Unknown Source)
at org.codehaus.groovy.runtime.callsite.CallSiteArray.defaultCall(CallSiteArray.java:45)
at io.restassured.filter.Filter$filter.call(Unknown Source)
at io.restassured.internal.filter.FilterContextImpl.next(FilterContextImpl.groovy:72)
at io.restassured.filter.log.RequestLoggingFilter.filter(RequestLoggingFilter.java:146)
at io.restassured.filter.Filter$filter.call(Unknown Source)
at org.codehaus.groovy.runtime.callsite.CallSiteArray.defaultCall(CallSiteArray.java:45)
at io.restassured.filter.Filter$filter$1.call(Unknown Source)
at io.restassured.internal.filter.FilterContextImpl.next(FilterContextImpl.groovy:72)
at io.restassured.filter.FilterContext$next.call(Unknown Source)
at io.restassured.internal.RequestSpecificationImpl.applyPathParamsAndSendRequest(RequestSpecificationImpl.groovy:1704)
at io.restassured.internal.RequestSpecificationImpl.this$2$applyPathParamsAndSendRequest(RequestSpecificationImpl.groovy)
at groovy.lang.MetaMethod.doMethodInvoke(MetaMethod.java:328)
at groovy.lang.MetaClassImpl.doInvokeMethod(MetaClassImpl.java:1331)
at groovy.lang.MetaClassImpl.invokeMethod(MetaClassImpl.java:1086)
at groovy.lang.MetaClassImpl.invokeMethod(MetaClassImpl.java:1006)
at groovy.lang.MetaClassImpl.invokeMethod(MetaClassImpl.java:789)
at io.restassured.internal.RequestSpecificationImpl.invokeMethod(RequestSpecificationImpl.groovy)
at org.codehaus.groovy.runtime.callsite.PogoInterceptableSite.call(PogoInterceptableSite.java:46)
at org.codehaus.groovy.runtime.callsite.PogoInterceptableSite.callCurrent(PogoInterceptableSite.java:57)
at org.codehaus.groovy.runtime.callsite.AbstractCallSite.callCurrent(AbstractCallSite.java:203)
at io.restassured.internal.RequestSpecificationImpl.applyPathParamsAndSendRequest(RequestSpecificationImpl.groovy:1710)
at io.restassured.internal.RequestSpecificationImpl.this$2$applyPathParamsAndSendRequest(RequestSpecificationImpl.groovy)
at groovy.lang.MetaMethod.doMethodInvoke(MetaMethod.java:328)
at groovy.lang.MetaClassImpl.doInvokeMethod(MetaClassImpl.java:1331)
at groovy.lang.MetaClassImpl.invokeMethod(MetaClassImpl.java:1086)
at groovy.lang.MetaClassImpl.invokeMethod(MetaClassImpl.java:1006)
at groovy.lang.MetaClassImpl.invokeMethod(MetaClassImpl.java:789)
at io.restassured.internal.RequestSpecificationImpl.invokeMethod(RequestSpecificationImpl.groovy)
at org.codehaus.groovy.runtime.callsite.PogoInterceptableSite.call(PogoInterceptableSite.java:46)
at org.codehaus.groovy.runtime.callsite.PogoInterceptableSite.callCurrent(PogoInterceptableSite.java:57)
at org.codehaus.groovy.runtime.callsite.AbstractCallSite.callCurrent(AbstractCallSite.java:203)
at io.restassured.internal.RequestSpecificationImpl.post(RequestSpecificationImpl.groovy:176)
at io.restassured.internal.RequestSpecificationImpl.post(RequestSpecificationImpl.groovy)
at com.tecnotree.automatiom.Methods.Method.MultiPathData(Method.java:83)
at com.tecnotree.automatiom.ReUsedMethods.DifferentMethods.PutResquestFile(DifferentMethods.java:12)
at com.tecnotree.automatiom.ReUsedMethods.LargeFiles.verifyServiceUpdateAndFileUpload(LargeFiles.java:25)
at com.tecnotree.automatiom.File.Upload.Service.Test_007_largeFiles.testMasterDataUpdateLocalIPS(Test_007_largeFiles.java:33)
at java.base/java.util.concurrent.ThreadPoolExecutor.runWorker(ThreadPoolExecutor.java:1144)
at java.base/java.util.concurrent.ThreadPoolExecutor$Worker.run(ThreadPoolExecutor.java:642)
at java.base/java.lang.Thread.run(Thread.java:1583)
... Removed 19 stack frames]]>
    </failure>
  </testcase> <!-- testMasterDataUpdateLocalIPS -->
</testsuite> <!-- Test7_Test11_Test12 -->
