<?xml version="1.0" encoding="UTF-8"?>
<!-- Generated by org.testng.reporters.JUnitXMLReporter -->
<testsuite ignored="14" hostname="BAKRGOUTH" failures="0" tests="1" name="Test1_Test2_Test3" time="6.177" errors="0" timestamp="2024-07-05T09:56:42 IST">
  <testcase classname="com.tecnotree.automatiom.File.Upload.Service.Test_002_port_22_172" name="JPEG" time="3.208"/>
  <testcase classname="com.tecnotree.automatiom.File.Upload.Service.Test_002_port_22_172" name="PNG" time="0.0">
    <ignored/>
  </testcase> <!-- PNG -->
  <testcase classname="com.tecnotree.automatiom.File.Upload.Service.Test_002_port_22_172" name="JSON" time="0.0">
    <ignored/>
  </testcase> <!-- JSON -->
  <testcase classname="com.tecnotree.automatiom.File.Upload.Service.Test_002_port_22_172" name="SQl" time="0.0">
    <ignored/>
  </testcase> <!-- SQl -->
  <testcase classname="com.tecnotree.automatiom.File.Upload.Service.Test_002_port_22_172" name="ZIP" time="0.0">
    <ignored/>
  </testcase> <!-- ZIP -->
  <testcase classname="com.tecnotree.automatiom.File.Upload.Service.Test_002_port_22_172" name="JPG" time="0.0">
    <ignored/>
  </testcase> <!-- JPG -->
  <testcase classname="com.tecnotree.automatiom.File.Upload.Service.Test_002_port_22_172" name="CSV" time="0.0">
    <ignored/>
  </testcase> <!-- CSV -->
  <testcase classname="com.tecnotree.automatiom.File.Upload.Service.Test_002_port_22_172" name="tar" time="0.0">
    <ignored/>
  </testcase> <!-- tar -->
  <testcase classname="com.tecnotree.automatiom.File.Upload.Service.Test_002_port_22_172" name="DMN" time="0.0">
    <ignored/>
  </testcase> <!-- DMN -->
  <testcase classname="com.tecnotree.automatiom.File.Upload.Service.Test_002_port_22_172" name="XLX" time="0.0">
    <ignored/>
  </testcase> <!-- XLX -->
  <testcase classname="com.tecnotree.automatiom.File.Upload.Service.Test_002_port_22_172" name="HTML" time="0.0">
    <ignored/>
  </testcase> <!-- HTML -->
  <testcase classname="com.tecnotree.automatiom.File.Upload.Service.Test_002_port_22_172" name="TXT" time="0.0">
    <ignored/>
  </testcase> <!-- TXT -->
  <testcase classname="com.tecnotree.automatiom.File.Upload.Service.Test_002_port_22_172" name="SevenZFile" time="0.0">
    <ignored/>
  </testcase> <!-- SevenZFile -->
  <testcase classname="com.tecnotree.automatiom.File.Upload.Service.Test_002_port_22_172" name="YMAL" time="0.0">
    <ignored/>
  </testcase> <!-- YMAL -->
  <testcase classname="com.tecnotree.automatiom.File.Upload.Service.Test_002_port_22_172" name="BPMN" time="0.0">
    <ignored/>
  </testcase> <!-- BPMN -->
</testsuite> <!-- Test1_Test2_Test3 -->
