<?xml version="1.0" encoding="UTF-8"?>
<!-- Generated by org.testng.reporters.JUnitXMLReporter -->
<testsuite ignored="0" hostname="BAKRGOUTH" failures="0" tests="45" name="Test8_Test9_Test10" time="505.399" errors="0" timestamp="2024-06-25T10:12:30 IST">
  <testcase classname="com.tecnotree.automatiom.File.Upload.Service.Test_008_port_22_172_SubFolder" name="BPMN" time="2.91"/>
  <testcase classname="com.tecnotree.automatiom.File.Upload.Service.Test_010_BDC_PElab_3_SubFolder" name="BPMN" time="4.298"/>
  <testcase classname="com.tecnotree.automatiom.File.Upload.Service.Test_008_port_22_172_SubFolder" name="CSV" time="2.693"/>
  <testcase classname="com.tecnotree.automatiom.File.Upload.Service.Test_008_port_22_172_SubFolder" name="DMN" time="2.683"/>
  <testcase classname="com.tecnotree.automatiom.File.Upload.Service.Test_010_BDC_PElab_3_SubFolder" name="CSV" time="4.17"/>
  <testcase classname="com.tecnotree.automatiom.File.Upload.Service.Test_008_port_22_172_SubFolder" name="HTML" time="2.72"/>
  <testcase classname="com.tecnotree.automatiom.File.Upload.Service.Test_010_BDC_PElab_3_SubFolder" name="DMN" time="4.52"/>
  <testcase classname="com.tecnotree.automatiom.File.Upload.Service.Test_008_port_22_172_SubFolder" name="JPEG" time="3.037"/>
  <testcase classname="com.tecnotree.automatiom.File.Upload.Service.Test_008_port_22_172_SubFolder" name="JPG" time="2.77"/>
  <testcase classname="com.tecnotree.automatiom.File.Upload.Service.Test_010_BDC_PElab_3_SubFolder" name="HTML" time="4.404"/>
  <testcase classname="com.tecnotree.automatiom.File.Upload.Service.Test_008_port_22_172_SubFolder" name="JSON" time="3.221"/>
  <testcase classname="com.tecnotree.automatiom.File.Upload.Service.Test_010_BDC_PElab_3_SubFolder" name="JPEG" time="4.502"/>
  <testcase classname="com.tecnotree.automatiom.File.Upload.Service.Test_008_port_22_172_SubFolder" name="PNG" time="2.966"/>
  <testcase classname="com.tecnotree.automatiom.File.Upload.Service.Test_009_port_22_1_SubFolder" name="BPMN" time="23.258"/>
  <testcase classname="com.tecnotree.automatiom.File.Upload.Service.Test_008_port_22_172_SubFolder" name="SQl" time="3.341"/>
  <testcase classname="com.tecnotree.automatiom.File.Upload.Service.Test_010_BDC_PElab_3_SubFolder" name="JPG" time="4.501"/>
  <testcase classname="com.tecnotree.automatiom.File.Upload.Service.Test_008_port_22_172_SubFolder" name="SevenZFile" time="3.078"/>
  <testcase classname="com.tecnotree.automatiom.File.Upload.Service.Test_010_BDC_PElab_3_SubFolder" name="JSON" time="4.859"/>
  <testcase classname="com.tecnotree.automatiom.File.Upload.Service.Test_008_port_22_172_SubFolder" name="TXT" time="3.721"/>
  <testcase classname="com.tecnotree.automatiom.File.Upload.Service.Test_008_port_22_172_SubFolder" name="XLX" time="2.915"/>
  <testcase classname="com.tecnotree.automatiom.File.Upload.Service.Test_010_BDC_PElab_3_SubFolder" name="PNG" time="4.311"/>
  <testcase classname="com.tecnotree.automatiom.File.Upload.Service.Test_008_port_22_172_SubFolder" name="YMAL" time="2.927"/>
  <testcase classname="com.tecnotree.automatiom.File.Upload.Service.Test_010_BDC_PElab_3_SubFolder" name="SQl" time="4.645"/>
  <testcase classname="com.tecnotree.automatiom.File.Upload.Service.Test_008_port_22_172_SubFolder" name="ZIP" time="3.139"/>
  <testcase classname="com.tecnotree.automatiom.File.Upload.Service.Test_010_BDC_PElab_3_SubFolder" name="SevenZFile" time="6.356"/>
  <testcase classname="com.tecnotree.automatiom.File.Upload.Service.Test_009_port_22_1_SubFolder" name="CSV" time="22.597"/>
  <testcase classname="com.tecnotree.automatiom.File.Upload.Service.Test_010_BDC_PElab_3_SubFolder" name="TXT" time="5.179"/>
  <testcase classname="com.tecnotree.automatiom.File.Upload.Service.Test_008_port_22_172_SubFolder" name="tar" time="13.541"/>
  <testcase classname="com.tecnotree.automatiom.File.Upload.Service.Test_010_BDC_PElab_3_SubFolder" name="XLX" time="4.817"/>
  <testcase classname="com.tecnotree.automatiom.File.Upload.Service.Test_010_BDC_PElab_3_SubFolder" name="YMAL" time="4.561"/>
  <testcase classname="com.tecnotree.automatiom.File.Upload.Service.Test_010_BDC_PElab_3_SubFolder" name="ZIP" time="14.122"/>
  <testcase classname="com.tecnotree.automatiom.File.Upload.Service.Test_009_port_22_1_SubFolder" name="DMN" time="37.768"/>
  <testcase classname="com.tecnotree.automatiom.File.Upload.Service.Test_010_BDC_PElab_3_SubFolder" name="tar" time="17.155"/>
  <testcase classname="com.tecnotree.automatiom.File.Upload.Service.Test_009_port_22_1_SubFolder" name="HTML" time="24.776"/>
  <testcase classname="com.tecnotree.automatiom.File.Upload.Service.Test_009_port_22_1_SubFolder" name="JPEG" time="23.388"/>
  <testcase classname="com.tecnotree.automatiom.File.Upload.Service.Test_009_port_22_1_SubFolder" name="JPG" time="25.726"/>
  <testcase classname="com.tecnotree.automatiom.File.Upload.Service.Test_009_port_22_1_SubFolder" name="JSON" time="25.493"/>
  <testcase classname="com.tecnotree.automatiom.File.Upload.Service.Test_009_port_22_1_SubFolder" name="PNG" time="24.664"/>
  <testcase classname="com.tecnotree.automatiom.File.Upload.Service.Test_009_port_22_1_SubFolder" name="SQl" time="26.029"/>
  <testcase classname="com.tecnotree.automatiom.File.Upload.Service.Test_009_port_22_1_SubFolder" name="SevenZFile" time="23.785"/>
  <testcase classname="com.tecnotree.automatiom.File.Upload.Service.Test_009_port_22_1_SubFolder" name="TXT" time="24.341"/>
  <testcase classname="com.tecnotree.automatiom.File.Upload.Service.Test_009_port_22_1_SubFolder" name="XLX" time="24.333"/>
  <testcase classname="com.tecnotree.automatiom.File.Upload.Service.Test_009_port_22_1_SubFolder" name="YMAL" time="23.635"/>
  <testcase classname="com.tecnotree.automatiom.File.Upload.Service.Test_009_port_22_1_SubFolder" name="ZIP" time="25.55"/>
  <testcase classname="com.tecnotree.automatiom.File.Upload.Service.Test_009_port_22_1_SubFolder" name="tar" time="79.726"/>
</testsuite> <!-- Test8_Test9_Test10 -->
