<?xml version="1.0" encoding="UTF-8"?>
<!-- Generated by org.testng.reporters.JUnitXMLReporter -->
<testsuite ignored="0" hostname="BAKRGOUTH" failures="0" tests="45" name="Test4_Test5_Test6" time="261.016" errors="0" timestamp="2024-06-25T10:04:05 IST">
  <testcase classname="com.tecnotree.automatiom.File.Upload.Service.Test_005_port_22_17_wrongPath" name="BPMN" time="1.94"/>
  <testcase classname="com.tecnotree.automatiom.File.Upload.Service.Test_004_BDC_PElab_WrongPath" name="BPMN" time="2.898"/>
  <testcase classname="com.tecnotree.automatiom.File.Upload.Service.Test_005_port_22_17_wrongPath" name="CSV" time="2.141"/>
  <testcase classname="com.tecnotree.automatiom.File.Upload.Service.Test_005_port_22_17_wrongPath" name="DMN" time="1.871"/>
  <testcase classname="com.tecnotree.automatiom.File.Upload.Service.Test_004_BDC_PElab_WrongPath" name="CSV" time="2.817"/>
  <testcase classname="com.tecnotree.automatiom.File.Upload.Service.Test_005_port_22_17_wrongPath" name="HTML" time="2.098"/>
  <testcase classname="com.tecnotree.automatiom.File.Upload.Service.Test_004_BDC_PElab_WrongPath" name="DMN" time="2.781"/>
  <testcase classname="com.tecnotree.automatiom.File.Upload.Service.Test_005_port_22_17_wrongPath" name="JPEG" time="1.976"/>
  <testcase classname="com.tecnotree.automatiom.File.Upload.Service.Test_004_BDC_PElab_WrongPath" name="HTML" time="2.865"/>
  <testcase classname="com.tecnotree.automatiom.File.Upload.Service.Test_005_port_22_17_wrongPath" name="JPG" time="2.049"/>
  <testcase classname="com.tecnotree.automatiom.File.Upload.Service.Test_006_port_22_1_wrongPath" name="BPMN" time="11.775"/>
  <testcase classname="com.tecnotree.automatiom.File.Upload.Service.Test_005_port_22_17_wrongPath" name="JSON" time="2.427"/>
  <testcase classname="com.tecnotree.automatiom.File.Upload.Service.Test_004_BDC_PElab_WrongPath" name="JPEG" time="3.202"/>
  <testcase classname="com.tecnotree.automatiom.File.Upload.Service.Test_005_port_22_17_wrongPath" name="PNG" time="2.178"/>
  <testcase classname="com.tecnotree.automatiom.File.Upload.Service.Test_004_BDC_PElab_WrongPath" name="JPG" time="3.281"/>
  <testcase classname="com.tecnotree.automatiom.File.Upload.Service.Test_005_port_22_17_wrongPath" name="SQl" time="2.646"/>
  <testcase classname="com.tecnotree.automatiom.File.Upload.Service.Test_005_port_22_17_wrongPath" name="SevenZFile" time="2.101"/>
  <testcase classname="com.tecnotree.automatiom.File.Upload.Service.Test_004_BDC_PElab_WrongPath" name="JSON" time="3.445"/>
  <testcase classname="com.tecnotree.automatiom.File.Upload.Service.Test_005_port_22_17_wrongPath" name="TXT" time="2.024"/>
  <testcase classname="com.tecnotree.automatiom.File.Upload.Service.Test_004_BDC_PElab_WrongPath" name="PNG" time="2.881"/>
  <testcase classname="com.tecnotree.automatiom.File.Upload.Service.Test_005_port_22_17_wrongPath" name="XLX" time="1.968"/>
  <testcase classname="com.tecnotree.automatiom.File.Upload.Service.Test_006_port_22_1_wrongPath" name="CSV" time="12.287"/>
  <testcase classname="com.tecnotree.automatiom.File.Upload.Service.Test_005_port_22_17_wrongPath" name="YMAL" time="2.039"/>
  <testcase classname="com.tecnotree.automatiom.File.Upload.Service.Test_004_BDC_PElab_WrongPath" name="SQl" time="3.066"/>
  <testcase classname="com.tecnotree.automatiom.File.Upload.Service.Test_005_port_22_17_wrongPath" name="ZIP" time="2.011"/>
  <testcase classname="com.tecnotree.automatiom.File.Upload.Service.Test_004_BDC_PElab_WrongPath" name="SevenZFile" time="5.071"/>
  <testcase classname="com.tecnotree.automatiom.File.Upload.Service.Test_005_port_22_17_wrongPath" name="tar" time="5.991"/>
  <testcase classname="com.tecnotree.automatiom.File.Upload.Service.Test_004_BDC_PElab_WrongPath" name="TXT" time="2.819"/>
  <testcase classname="com.tecnotree.automatiom.File.Upload.Service.Test_004_BDC_PElab_WrongPath" name="XLX" time="2.824"/>
  <testcase classname="com.tecnotree.automatiom.File.Upload.Service.Test_006_port_22_1_wrongPath" name="DMN" time="13.821"/>
  <testcase classname="com.tecnotree.automatiom.File.Upload.Service.Test_004_BDC_PElab_WrongPath" name="YMAL" time="3.12"/>
  <testcase classname="com.tecnotree.automatiom.File.Upload.Service.Test_004_BDC_PElab_WrongPath" name="ZIP" time="2.988"/>
  <testcase classname="com.tecnotree.automatiom.File.Upload.Service.Test_004_BDC_PElab_WrongPath" name="tar" time="6.293"/>
  <testcase classname="com.tecnotree.automatiom.File.Upload.Service.Test_006_port_22_1_wrongPath" name="HTML" time="13.302"/>
  <testcase classname="com.tecnotree.automatiom.File.Upload.Service.Test_006_port_22_1_wrongPath" name="JPEG" time="12.014"/>
  <testcase classname="com.tecnotree.automatiom.File.Upload.Service.Test_006_port_22_1_wrongPath" name="JPG" time="13.456"/>
  <testcase classname="com.tecnotree.automatiom.File.Upload.Service.Test_006_port_22_1_wrongPath" name="JSON" time="12.678"/>
  <testcase classname="com.tecnotree.automatiom.File.Upload.Service.Test_006_port_22_1_wrongPath" name="PNG" time="14.035"/>
  <testcase classname="com.tecnotree.automatiom.File.Upload.Service.Test_006_port_22_1_wrongPath" name="SQl" time="12.257"/>
  <testcase classname="com.tecnotree.automatiom.File.Upload.Service.Test_006_port_22_1_wrongPath" name="SevenZFile" time="12.392"/>
  <testcase classname="com.tecnotree.automatiom.File.Upload.Service.Test_006_port_22_1_wrongPath" name="TXT" time="13.468"/>
  <testcase classname="com.tecnotree.automatiom.File.Upload.Service.Test_006_port_22_1_wrongPath" name="XLX" time="12.592"/>
  <testcase classname="com.tecnotree.automatiom.File.Upload.Service.Test_006_port_22_1_wrongPath" name="YMAL" time="11.946"/>
  <testcase classname="com.tecnotree.automatiom.File.Upload.Service.Test_006_port_22_1_wrongPath" name="ZIP" time="13.355"/>
  <testcase classname="com.tecnotree.automatiom.File.Upload.Service.Test_006_port_22_1_wrongPath" name="tar" time="15.833"/>
</testsuite> <!-- Test4_Test5_Test6 -->
