<?xml version="1.0" encoding="UTF-8"?>
<testng-results ignored="0" total="1" passed="1" failed="0" skipped="0">
  <reporter-output>
  </reporter-output>
  <suite started-at="2024-08-16T11:43:21 IST" name="Default suite" finished-at="2024-08-16T11:43:21 IST" duration-ms="57">
    <groups>
    </groups>
    <test started-at="2024-08-16T11:43:21 IST" name="Default test" finished-at="2024-08-16T11:43:21 IST" duration-ms="57">
      <class name="com.test">
        <test-method signature="name()[pri:0, instance:com.test@2a798d51]" started-at="2024-08-16T11:43:21 IST" name="name" finished-at="2024-08-16T11:43:21 IST" duration-ms="15" status="PASS">
          <reporter-output>
          </reporter-output>
        </test-method> <!-- name -->
      </class> <!-- com.test -->
    </test> <!-- Default test -->
  </suite> <!-- Default suite -->
</testng-results>
