<?xml version="1.0" encoding="UTF-8"?>
<!-- Generated by org.testng.reporters.JUnitXMLReporter -->
<testsuite ignored="0" hostname="BAKRGOUTH" failures="3" tests="86" name="Test" time="1981.146" errors="0" timestamp="2024-09-12T15:53:42 IST">
  <testcase classname="reportservice.FileName" name="test004" time="8.752"/>
  <testcase classname="reportservice.FileName" name="test004" time="3.498"/>
  <testcase classname="reportservice.FileName" name="test004" time="4.379"/>
  <testcase classname="reportservice.FileName" name="test004" time="5.425"/>
  <testcase classname="reportservice.FileName" name="test004" time="5.405"/>
  <testcase classname="reportservice.FileName" name="test004" time="5.618"/>
  <testcase classname="reportservice.FileName" name="test004" time="3.559"/>
  <testcase classname="reportservice.FileName" name="test004" time="3.83"/>
  <testcase classname="reportservice.FileName" name="test004" time="3.857"/>
  <testcase classname="reportservice.FileName" name="test004" time="4.365"/>
  <testcase classname="reportservice.FileName" name="test004" time="4.279"/>
  <testcase classname="reportservice.FileName" name="test004" time="3.957"/>
  <testcase classname="reportservice.FileName" name="test005" time="0.0">
    <failure type="org.testng.TestNGException" message="
Method public static void reportservice.FileName.test005(java.lang.String,java.lang.String) requires a @DataProvider named : password">
      <![CDATA[org.testng.TestNGException: 
Method public static void reportservice.FileName.test005(java.lang.String,java.lang.String) requires a @DataProvider named : password
at java.base/java.util.ArrayList.forEach(ArrayList.java:1596)
... Removed 24 stack frames]]>
    </failure>
  </testcase> <!-- test005 -->
  <testcase classname="reportservice.Password" name="test004" time="4.826"/>
  <testcase classname="reportservice.Password" name="test004" time="5.878"/>
  <testcase classname="reportservice.Password" name="test004" time="4.444"/>
  <testcase classname="reportservice.Password" name="test004" time="4.884"/>
  <testcase classname="reportservice.Password" name="test004" time="9.34"/>
  <testcase classname="reportservice.Password" name="test004" time="10.464"/>
  <testcase classname="reportservice.Password" name="test004" time="11.108"/>
  <testcase classname="reportservice.Password" name="test004" time="20.02"/>
  <testcase classname="reportservice.Password" name="test004" time="60.103">
    <skipped/>
  </testcase> <!-- test004 -->
  <testcase classname="reportservice.Password" name="test004" time="3.076">
    <skipped/>
  </testcase> <!-- test004 -->
  <testcase classname="reportservice.Password" name="test004" time="5.095"/>
  <testcase classname="reportservice.Password" name="test004" time="5.512"/>
  <testcase classname="reportservice.Password" name="test004" time="3.713"/>
  <testcase classname="reportservice.Password" name="test004" time="4.207"/>
  <testcase classname="reportservice.Password" name="test005" time="12.418"/>
  <testcase classname="reportservice.Password" name="test005" time="12.58"/>
  <testcase classname="reportservice.Password" name="test005" time="10.898"/>
  <testcase classname="reportservice.Password" name="test005" time="11.654"/>
  <testcase classname="reportservice.Password" name="test005" time="12.314"/>
  <testcase classname="reportservice.Password" name="test005" time="12.737"/>
  <testcase classname="reportservice.Password" name="test005" time="10.606"/>
  <testcase classname="reportservice.Password" name="test005" time="11.393"/>
  <testcase classname="reportservice.Password" name="test005" time="12.292"/>
  <testcase classname="reportservice.Password" name="test005" time="12.756"/>
  <testcase classname="reportservice.Password" name="test005" time="10.851"/>
  <testcase classname="reportservice.Password" name="test005" time="12.025"/>
  <testcase classname="reportservice.test1" name="test001" time="3.997"/>
  <testcase classname="reportservice.test1" name="test001" time="5.838"/>
  <testcase classname="reportservice.test1" name="test001" time="14.659"/>
  <testcase classname="reportservice.test1" name="test001" time="15.63"/>
  <testcase classname="reportservice.test1" name="test001" time="57.213"/>
  <testcase classname="reportservice.test1" name="test001" time="58.33">
    <skipped/>
  </testcase> <!-- test001 -->
  <testcase classname="reportservice.test1" name="test001" time="2.393">
    <skipped/>
  </testcase> <!-- test001 -->
  <testcase classname="reportservice.test1" name="test001" time="6.399"/>
  <testcase classname="reportservice.test1" name="test001" time="3.496"/>
  <testcase classname="reportservice.test1" name="test001" time="3.837"/>
  <testcase classname="reportservice.test1" name="test001" time="3.837"/>
  <testcase classname="reportservice.test1" name="test001" time="4.38"/>
  <testcase classname="reportservice.test1" name="test001" time="4.051"/>
  <testcase classname="reportservice.test1" name="test001" time="4.465"/>
  <testcase classname="reportservice.test1" name="test002" time="12.013"/>
  <testcase classname="reportservice.test1" name="test002" time="17.935"/>
  <testcase classname="reportservice.test1" name="test002" time="12.64"/>
  <testcase classname="reportservice.test1" name="test002" time="11.889"/>
  <testcase classname="reportservice.test1" name="test002" time="12.453"/>
  <testcase classname="reportservice.test1" name="test002" time="12.611"/>
  <testcase classname="reportservice.test1" name="test002" time="10.636"/>
  <testcase classname="reportservice.test1" name="test002" time="12.844"/>
  <testcase classname="reportservice.test1" name="test002" time="11.565"/>
  <testcase classname="reportservice.test1" name="test002" time="11.994"/>
  <testcase classname="reportservice.test1" name="test002" time="12.134"/>
  <testcase classname="reportservice.test1" name="test002" time="15.03"/>
  <testcase classname="reportservice.test1" name="test003" time="19.397"/>
  <testcase classname="reportservice.test1" name="test003" time="60.11">
    <skipped/>
  </testcase> <!-- test003 -->
  <testcase classname="reportservice.test1" name="test003" time="50.092">
    <skipped/>
  </testcase> <!-- test003 -->
  <testcase classname="reportservice.test1" name="test003" time="1.478">
    <skipped/>
  </testcase> <!-- test003 -->
  <testcase classname="reportservice.test1" name="test003" time="5.679"/>
  <testcase classname="reportservice.test1" name="test003" time="3.638"/>
  <testcase classname="reportservice.test1" name="test003" time="4.412"/>
  <testcase classname="reportservice.test1" name="test003" time="5.123"/>
  <testcase classname="reportservice.test1" name="test003" time="6.234"/>
  <testcase classname="reportservice.test1" name="test003" time="3.945"/>
  <testcase classname="reportservice.test1" name="test003" time="4.404"/>
  <testcase classname="reportservice.test1" name="test003" time="5.877"/>
  <testcase classname="reportservice.test1" name="test003" time="6.376"/>
  <testcase classname="reportservice.test1" name="test003" time="4.81"/>
  <testcase classname="reportservice.test1" name="test003" time="4.401"/>
  <testcase classname="reportservice.Test001" name="Test1" time="0.021">
    <skipped/>
  </testcase> <!-- Test1 -->
  <testcase classname="reportservice.Test001" name="Test1" time="0.002">
    <skipped/>
  </testcase> <!-- Test1 -->
  <testcase classname="reportservice.Test001" name="Test1" time="0.003">
    <skipped/>
  </testcase> <!-- Test1 -->
  <testcase classname="reportservice.Test001" name="Test1" time="0.001">
    <skipped/>
  </testcase> <!-- Test1 -->
  <testcase classname="reportservice.Test001" name="Test1" time="0.003">
    <failure type="java.lang.AssertionError" message="expected [true] but found [false]">
      <![CDATA[java.lang.AssertionError: expected [true] but found [false]
at reportservice.Test001.Test1(Test001.java:15)
at java.base/java.util.ArrayList.forEach(ArrayList.java:1596)
... Removed 32 stack frames]]>
    </failure>
  </testcase> <!-- Test1 -->
  <testcase classname="reportservice.Test001" name="Test2" time="0.002">
    <failure type="java.lang.AssertionError" message="expected [true] but found [false]">
      <![CDATA[java.lang.AssertionError: expected [true] but found [false]
at reportservice.Test001.Test2(Test001.java:21)
at java.base/java.util.ArrayList.forEach(ArrayList.java:1596)
... Removed 32 stack frames]]>
    </failure>
  </testcase> <!-- Test2 -->
</testsuite> <!-- Test -->
